TN:
SF:index.js
FN:10,(anonymous_0)
FN:17,(anonymous_1)
FN:21,(anonymous_2)
FN:23,(anonymous_3)
FN:29,(anonymous_4)
FN:32,(anonymous_5)
FN:41,(anonymous_6)
FN:49,(anonymous_7)
FN:58,(anonymous_8)
FN:62,(anonymous_9)
FN:79,(anonymous_10)
FNF:11
FNH:6
FNDA:0,(anonymous_0)
FNDA:2,(anonymous_1)
FNDA:0,(anonymous_2)
FNDA:0,(anonymous_3)
FNDA:1,(anonymous_4)
FNDA:4,(anonymous_5)
FNDA:1,(anonymous_6)
FNDA:0,(anonymous_7)
FNDA:1,(anonymous_8)
FNDA:5,(anonymous_9)
FNDA:0,(anonymous_10)
DA:3,1
DA:6,1
DA:7,1
DA:9,1
DA:10,0
DA:11,0
DA:15,1
DA:17,1
DA:18,2
DA:21,1
DA:22,0
DA:23,0
DA:24,0
DA:26,0
DA:29,1
DA:30,1
DA:31,1
DA:32,4
DA:33,1
DA:34,0
DA:36,1
DA:37,1
DA:41,1
DA:42,1
DA:43,1
DA:44,1
DA:45,1
DA:49,0
DA:50,0
DA:51,0
DA:52,0
DA:54,0
DA:58,1
DA:59,1
DA:60,1
DA:61,1
DA:62,5
DA:64,1
DA:65,0
DA:66,0
DA:67,0
DA:69,1
DA:74,0
DA:79,1
DA:80,0
LF:45
LH:28
BRDA:9,0,0,0
BRDA:9,0,1,1
BRDA:24,1,0,0
BRDA:24,1,1,0
BRDA:33,2,0,0
BRDA:33,2,1,1
BRDA:44,3,0,1
BRDA:44,3,1,0
BRDA:50,4,0,0
BRDA:50,4,1,0
BRDA:60,5,0,1
BRDA:60,5,1,0
BRDA:64,6,0,0
BRDA:64,6,1,1
BRF:14
BRH:5
end_of_record
